[debug] [2019-10-03T11:07:17.103Z] ----------------------------------------------------------------------
[debug] [2019-10-03T11:07:17.105Z] Command:       C:\Program Files\nodejs\node.exe C:\Users\79042\AppData\Roaming\npm\node_modules\firebase-tools\lib\bin\firebase.js serve
[debug] [2019-10-03T11:07:17.106Z] CLI Version:   7.4.0
[debug] [2019-10-03T11:07:17.106Z] Platform:      win32
[debug] [2019-10-03T11:07:17.106Z] Node Version:  v10.16.3
[debug] [2019-10-03T11:07:17.107Z] Time:          Thu Oct 03 2019 14:07:17 GMT+0300 (GMT+03:00)
[debug] [2019-10-03T11:07:17.107Z] ----------------------------------------------------------------------
[debug] 
[debug] [2019-10-03T11:07:17.119Z] > command requires scopes: ["email","openid","https://www.googleapis.com/auth/cloudplatformprojects.readonly","https://www.googleapis.com/auth/firebase","https://www.googleapis.com/auth/cloud-platform"]
[debug] [2019-10-03T11:07:17.120Z] > authorizing via signed-in user
[debug] [2019-10-03T11:07:17.120Z] [iam] checking project lab-project-aa6c1 for permissions ["firebase.projects.get"]
[debug] [2019-10-03T11:07:17.122Z] > refreshing access token with scopes: ["email","https://www.googleapis.com/auth/cloud-platform","https://www.googleapis.com/auth/cloudplatformprojects.readonly","https://www.googleapis.com/auth/firebase","openid"]
[debug] [2019-10-03T11:07:17.123Z] >>> HTTP REQUEST POST https://www.googleapis.com/oauth2/v3/token  
 <request body omitted>
[debug] [2019-10-03T11:07:18.003Z] <<< HTTP RESPONSE 200
[debug] [2019-10-03T11:07:18.016Z] >>> HTTP REQUEST POST https://cloudresourcemanager.googleapis.com/v1/projects/lab-project-aa6c1:testIamPermissions  

[debug] [2019-10-03T11:07:19.154Z] <<< HTTP RESPONSE 200
[debug] [2019-10-03T11:07:19.156Z] >>> HTTP REQUEST GET https://firebase.googleapis.com/v1beta1/projects/lab-project-aa6c1  
 
[debug] [2019-10-03T11:07:20.113Z] <<< HTTP RESPONSE 200
[info] 
[info] === Serving from 'D:\lab-project'...
[info] 
[debug] [2019-10-03T11:07:20.121Z] >>> HTTP REQUEST GET https://firebase.googleapis.com/v1beta1/projects/lab-project-aa6c1/webApps/-/config  
 
[warn] !  Your requested "node" version "8" doesn't match your global version "10"
[info] +  functions: Emulator started at http://localhost:5001
[debug] [2019-10-03T11:07:20.889Z] <<< HTTP RESPONSE 200
[info] i  functions: Watching "D:\lab-project\functions" for Cloud Functions...
[info] i  hosting: Serving hosting files from: build
[info] +  hosting: Local server: http://localhost:5000
[debug] [2019-10-03T11:07:21.517Z] [runtime-status] Functions runtime initialized. {"cwd":"D:\\lab-project\\functions","node_version":"10.16.3"}
[debug] [2019-10-03T11:07:21.517Z] [runtime-status] Disabled runtime features: {"functions_config_helper":true,"network_filtering":true,"timeout":true,"memory_limiting":true,"admin_stubs":true} {}
[debug] [2019-10-03T11:07:22.015Z] [runtime-status] Resolved module firebase-admin {"declared":true,"installed":true,"version":"8.6.0","resolution":"D:\\lab-project\\functions\\node_modules\\firebase-admin\\lib\\index.js"}
[debug] [2019-10-03T11:07:22.296Z] [runtime-status] Resolved module firebase-functions {"declared":true,"installed":true,"version":"3.2.0","resolution":"D:\\lab-project\\functions\\node_modules\\firebase-functions\\lib\\index.js"}
[debug] [2019-10-03T11:07:22.298Z] [runtime-status] Resolved module firebase-functions {"declared":true,"installed":true,"version":"3.2.0","resolution":"D:\\lab-project\\functions\\node_modules\\firebase-functions\\lib\\index.js"}
[info] +  functions[app]: http function initialized (http://localhost:5001/lab-project-aa6c1/us-central1/app).
